23:38:25 **** Build of configuration Debug for project hshoe ****
make all 
Building file: ../hshoe.cpp
Invoking: Cross G++ Compiler
g++ -O0 -g3 -Wall -c -fmessage-length=0 -MMD -MP -MF"hshoe.d" -MT"hshoe.d" -o "hshoe.o" "../hshoe.cpp"
Finished building: ../hshoe.cpp
 
Building target: hshoe
Invoking: Cross G++ Linker
g++  -o "hshoe"  ./hshoe.o   
Finished building target: hshoe
 
23:41:36 **** Incremental Build of configuration Debug for project hshoe ****
make all 
make: Nothing to be done for `all'.
23:41:54 **** Incremental Build of configuration Debug for project hshoe ****
make all 
make: Nothing to be done for `all'.
23:43:40 **** Incremental Build of configuration Debug for project hshoe ****
make all 
make: Nothing to be done for `all'.
23:43:48 **** Incremental Build of configuration Debug for project hshoe ****
make all 
make: Nothing to be done for `all'.
23:46:19 **** Incremental Build of configuration Debug for project hshoe ****
make all 
make: Nothing to be done for `all'.
23:46:28 **** Incremental Build of configuration Debug for project hshoe ****
make all 
make: Nothing to be done for `all'.
23:47:25 **** Incremental Build of configuration Debug for project hshoe ****
make all 
make: Nothing to be done for `all'.
23:49:05 **** Incremental Build of configuration Debug for project hshoe ****
make all 
Building file: ../hshoe.cpp
Invoking: Cross G++ Compiler
g++ -O0 -g3 -Wall -c -fmessage-length=0 -MMD -MP -MF"hshoe.d" -MT"hshoe.d" -o "hshoe.o" "../hshoe.cpp"
Finished building: ../hshoe.cpp
 
Building target: hshoe
Invoking: Cross G++ Linker
g++  -o "hshoe"  ./hshoe.o   
Finished building target: hshoe
 
23:50:09 **** Incremental Build of configuration Debug for project hshoe ****
make all 
Building file: ../hshoe.cpp
Invoking: Cross G++ Compiler
g++ -O0 -g3 -Wall -c -fmessage-length=0 -MMD -MP -MF"hshoe.d" -MT"hshoe.d" -o "hshoe.o" "../hshoe.cpp"
Finished building: ../hshoe.cpp
 
Building target: hshoe
Invoking: Cross G++ Linker
g++  -o "hshoe"  ./hshoe.o   
Finished building target: hshoe
 
23:51:23 **** Incremental Build of configuration Debug for project hshoe ****
make all 
Building file: ../hshoe.cpp
Invoking: Cross G++ Compiler
g++ -O0 -g3 -Wall -c -fmessage-length=0 -MMD -MP -MF"hshoe.d" -MT"hshoe.d" -o "hshoe.o" "../hshoe.cpp"
Finished building: ../hshoe.cpp
 
Building target: hshoe
Invoking: Cross G++ Linker
g++  -o "hshoe"  ./hshoe.o   
Finished building target: hshoe
 
23:52:11 **** Incremental Build of configuration Debug for project hshoe ****
make all 
make: Nothing to be done for `all'.
